2025-02-01 08:49:01,854 - INFO - Found 21 URLs in sitemap
2025-02-01 08:49:02,477 - INFO - Processing URL: https://blogforge.pythonanywhere.com/
2025-02-01 08:49:02,478 - INFO - Successfully processed https://blogforge.pythonanywhere.com/
2025-02-01 08:49:02,561 - INFO - Processing URL: https://blogforge.pythonanywhere.com/blogs/exploring-the-future-of-travel-and-tourism-in-the-digital-era/
2025-02-01 08:49:02,562 - INFO - Successfully processed https://blogforge.pythonanywhere.com/blogs/exploring-the-future-of-travel-and-tourism-in-the-digital-era/
2025-02-01 08:49:02,572 - INFO - Processing URL: https://blogforge.pythonanywhere.com/contact/
2025-02-01 08:49:02,572 - INFO - Successfully processed https://blogforge.pythonanywhere.com/contact/
2025-02-01 08:49:02,670 - INFO - Processing URL: https://blogforge.pythonanywhere.com/blogs/the-universal-language-of-music-connecting-cultures-and-emotions/
2025-02-01 08:49:02,670 - INFO - Successfully processed https://blogforge.pythonanywhere.com/blogs/the-universal-language-of-music-connecting-cultures-and-emotions/
2025-02-01 08:49:02,690 - INFO - Processing URL: https://blogforge.pythonanywhere.com/about/
2025-02-01 08:49:02,691 - INFO - Successfully processed https://blogforge.pythonanywhere.com/about/
2025-02-01 08:49:03,200 - INFO - Processing URL: https://blogforge.pythonanywhere.com/blogs/the-maha-kumbh-mela-indias-grand-spiritual-gathering/
2025-02-01 08:49:03,201 - INFO - Successfully processed https://blogforge.pythonanywhere.com/blogs/the-maha-kumbh-mela-indias-grand-spiritual-gathering/
2025-02-01 08:49:03,291 - INFO - Processing URL: https://blogforge.pythonanywhere.com/blogs/best-minecraft-seeds-unlock-endless-possibilities-in-your-world/
2025-02-01 08:49:03,292 - INFO - Successfully processed https://blogforge.pythonanywhere.com/blogs/best-minecraft-seeds-unlock-endless-possibilities-in-your-world/
2025-02-01 08:49:03,395 - INFO - Processing URL: https://blogforge.pythonanywhere.com/blogs/top-physical-exercises-for-singers-boost-your-voice-performance/
2025-02-01 08:49:03,396 - INFO - Successfully processed https://blogforge.pythonanywhere.com/blogs/top-physical-exercises-for-singers-boost-your-voice-performance/
2025-02-01 08:49:03,479 - INFO - Processing URL: https://blogforge.pythonanywhere.com/blogs/climate-change-2024-a-global-call-to-action/
2025-02-01 08:49:03,480 - INFO - Successfully processed https://blogforge.pythonanywhere.com/blogs/climate-change-2024-a-global-call-to-action/
2025-02-01 08:49:03,581 - INFO - Processing URL: https://blogforge.pythonanywhere.com/blogs/the-psychology-of-money-book-review/
2025-02-01 08:49:03,581 - INFO - Successfully processed https://blogforge.pythonanywhere.com/blogs/the-psychology-of-money-book-review/
2025-02-01 08:49:03,931 - INFO - Processing URL: https://blogforge.pythonanywhere.com/blogs/revolutionizing-education-with-duolingo-luis-von-ahns-ted-talk/
2025-02-01 08:49:03,932 - INFO - Successfully processed https://blogforge.pythonanywhere.com/blogs/revolutionizing-education-with-duolingo-luis-von-ahns-ted-talk/
2025-02-01 08:49:04,038 - INFO - Processing URL: https://blogforge.pythonanywhere.com/blogs/how-to-stay-productive-and-find-joy-during-downtime-at-work/
2025-02-01 08:49:04,046 - INFO - Successfully processed https://blogforge.pythonanywhere.com/blogs/how-to-stay-productive-and-find-joy-during-downtime-at-work/
2025-02-01 08:49:04,142 - INFO - Processing URL: https://blogforge.pythonanywhere.com/blogs/build-and-deploy-your-own-chatbot-locally-using-ngrok/
2025-02-01 08:49:04,211 - INFO - Successfully processed https://blogforge.pythonanywhere.com/blogs/build-and-deploy-your-own-chatbot-locally-using-ngrok/
2025-02-01 08:49:04,217 - INFO - Processing URL: https://blogforge.pythonanywhere.com/category/Nature/
2025-02-01 08:49:04,219 - INFO - Successfully processed https://blogforge.pythonanywhere.com/category/Nature/
2025-02-01 08:49:04,284 - INFO - Processing URL: https://blogforge.pythonanywhere.com/category/Music/
2025-02-01 08:49:04,287 - INFO - Successfully processed https://blogforge.pythonanywhere.com/category/Music/
2025-02-01 08:49:04,687 - INFO - Processing URL: https://blogforge.pythonanywhere.com/category/Festivals/
2025-02-01 08:49:04,717 - INFO - Successfully processed https://blogforge.pythonanywhere.com/category/Festivals/
2025-02-01 08:49:04,717 - INFO - Processing URL: https://blogforge.pythonanywhere.com/category/Games/
2025-02-01 08:49:04,730 - INFO - Successfully processed https://blogforge.pythonanywhere.com/category/Games/
2025-02-01 08:49:04,892 - INFO - Processing URL: https://blogforge.pythonanywhere.com/category/Books/
2025-02-01 08:49:04,945 - INFO - Successfully processed https://blogforge.pythonanywhere.com/category/Books/
2025-02-01 08:49:04,946 - INFO - Processing URL: https://blogforge.pythonanywhere.com/category/TED/
2025-02-01 08:49:04,947 - INFO - Successfully processed https://blogforge.pythonanywhere.com/category/TED/
2025-02-01 08:49:05,028 - INFO - Processing URL: https://blogforge.pythonanywhere.com/category/Moment/
2025-02-01 08:49:05,040 - INFO - Successfully processed https://blogforge.pythonanywhere.com/category/Moment/
2025-02-01 08:49:05,413 - INFO - Processing URL: https://blogforge.pythonanywhere.com/category/Tech/
2025-02-01 08:49:05,414 - INFO - Successfully processed https://blogforge.pythonanywhere.com/category/Tech/
2025-02-07 21:05:34,985 - INFO - Found 25 URLs in sitemap
2025-02-07 21:05:36,150 - INFO - Processing URL: https://blogforge.pythonanywhere.com/blogs/the-universal-language-of-music-connecting-cultures-and-emotions/
2025-02-07 21:05:36,150 - INFO - Processing URL: https://blogforge.pythonanywhere.com/contact/
2025-02-07 21:05:36,151 - INFO - Successfully processed https://blogforge.pythonanywhere.com/blogs/the-universal-language-of-music-connecting-cultures-and-emotions/
2025-02-07 21:05:36,151 - INFO - Successfully processed https://blogforge.pythonanywhere.com/contact/
2025-02-07 21:05:36,175 - INFO - Processing URL: https://blogforge.pythonanywhere.com/
2025-02-07 21:05:36,176 - INFO - Successfully processed https://blogforge.pythonanywhere.com/
2025-02-07 21:05:36,202 - INFO - Processing URL: https://blogforge.pythonanywhere.com/about/
2025-02-07 21:05:36,204 - INFO - Successfully processed https://blogforge.pythonanywhere.com/about/
2025-02-07 21:05:36,324 - INFO - Processing URL: https://blogforge.pythonanywhere.com/blogs/exploring-the-future-of-travel-and-tourism-in-the-digital-era/
2025-02-07 21:05:36,325 - INFO - Successfully processed https://blogforge.pythonanywhere.com/blogs/exploring-the-future-of-travel-and-tourism-in-the-digital-era/
2025-02-07 21:05:37,330 - INFO - Processing URL: https://blogforge.pythonanywhere.com/blogs/best-minecraft-seeds-unlock-endless-possibilities-in-your-world/
2025-02-07 21:05:37,332 - INFO - Successfully processed https://blogforge.pythonanywhere.com/blogs/best-minecraft-seeds-unlock-endless-possibilities-in-your-world/
2025-02-07 21:05:37,392 - INFO - Processing URL: https://blogforge.pythonanywhere.com/blogs/top-physical-exercises-for-singers-boost-your-voice-performance/
2025-02-07 21:05:37,393 - INFO - Successfully processed https://blogforge.pythonanywhere.com/blogs/top-physical-exercises-for-singers-boost-your-voice-performance/
2025-02-07 21:05:37,509 - INFO - Processing URL: https://blogforge.pythonanywhere.com/blogs/the-maha-kumbh-mela-indias-grand-spiritual-gathering/
2025-02-07 21:05:37,511 - INFO - Successfully processed https://blogforge.pythonanywhere.com/blogs/the-maha-kumbh-mela-indias-grand-spiritual-gathering/
2025-02-07 21:05:37,635 - INFO - Processing URL: https://blogforge.pythonanywhere.com/blogs/the-psychology-of-money-book-review/
2025-02-07 21:05:37,637 - INFO - Successfully processed https://blogforge.pythonanywhere.com/blogs/the-psychology-of-money-book-review/
2025-02-07 21:05:38,546 - INFO - Processing URL: https://blogforge.pythonanywhere.com/blogs/revolutionizing-education-with-duolingo-luis-von-ahns-ted-talk/
2025-02-07 21:05:38,548 - INFO - Successfully processed https://blogforge.pythonanywhere.com/blogs/revolutionizing-education-with-duolingo-luis-von-ahns-ted-talk/
2025-02-07 21:05:38,626 - INFO - Processing URL: https://blogforge.pythonanywhere.com/blogs/how-to-stay-productive-and-find-joy-during-downtime-at-work/
2025-02-07 21:05:38,628 - INFO - Successfully processed https://blogforge.pythonanywhere.com/blogs/how-to-stay-productive-and-find-joy-during-downtime-at-work/
2025-02-07 21:05:38,742 - INFO - Processing URL: https://blogforge.pythonanywhere.com/blogs/build-and-deploy-your-own-chatbot-locally-using-ngrok/
2025-02-07 21:05:38,744 - INFO - Successfully processed https://blogforge.pythonanywhere.com/blogs/build-and-deploy-your-own-chatbot-locally-using-ngrok/
2025-02-07 21:05:38,854 - INFO - Processing URL: https://blogforge.pythonanywhere.com/blogs/tum-haar-jao-jeevan-kee-sachchaee-par-ek-gahan-vichaar/
2025-02-07 21:05:38,856 - INFO - Successfully processed https://blogforge.pythonanywhere.com/blogs/tum-haar-jao-jeevan-kee-sachchaee-par-ek-gahan-vichaar/
2025-02-07 21:05:39,660 - INFO - Processing URL: https://blogforge.pythonanywhere.com/blogs/how-to-automate-your-browser-using-web-ui/
2025-02-07 21:05:39,661 - INFO - Successfully processed https://blogforge.pythonanywhere.com/blogs/how-to-automate-your-browser-using-web-ui/
2025-02-07 21:05:39,704 - INFO - Processing URL: https://blogforge.pythonanywhere.com/category/Nature/
2025-02-07 21:05:39,706 - INFO - Successfully processed https://blogforge.pythonanywhere.com/category/Nature/
2025-02-07 21:05:39,766 - INFO - Processing URL: https://blogforge.pythonanywhere.com/category/Music/
2025-02-07 21:05:39,767 - INFO - Successfully processed https://blogforge.pythonanywhere.com/category/Music/
2025-02-07 21:05:39,861 - INFO - Processing URL: https://blogforge.pythonanywhere.com/category/Festivals/
2025-02-07 21:05:39,870 - INFO - Processing URL: https://blogforge.pythonanywhere.com/blogs/climate-change-2024-a-global-call-to-action/
2025-02-07 21:05:39,870 - INFO - Successfully processed https://blogforge.pythonanywhere.com/category/Festivals/
2025-02-07 21:05:39,871 - INFO - Successfully processed https://blogforge.pythonanywhere.com/blogs/climate-change-2024-a-global-call-to-action/
2025-02-07 21:05:40,660 - INFO - Processing URL: https://blogforge.pythonanywhere.com/category/Books/
2025-02-07 21:05:40,661 - INFO - Successfully processed https://blogforge.pythonanywhere.com/category/Books/
2025-02-07 21:05:40,806 - INFO - Processing URL: https://blogforge.pythonanywhere.com/category/TED/
2025-02-07 21:05:40,807 - INFO - Successfully processed https://blogforge.pythonanywhere.com/category/TED/
2025-02-07 21:05:40,850 - INFO - Processing URL: https://blogforge.pythonanywhere.com/category/Games/
2025-02-07 21:05:40,851 - INFO - Successfully processed https://blogforge.pythonanywhere.com/category/Games/
2025-02-07 21:05:40,925 - INFO - Processing URL: https://blogforge.pythonanywhere.com/category/Tech/
2025-02-07 21:05:40,927 - INFO - Successfully processed https://blogforge.pythonanywhere.com/category/Tech/
2025-02-07 21:05:40,982 - INFO - Processing URL: https://blogforge.pythonanywhere.com/category/Moment/
2025-02-07 21:05:40,983 - INFO - Successfully processed https://blogforge.pythonanywhere.com/category/Moment/
2025-02-07 21:05:41,659 - INFO - Processing URL: https://blogforge.pythonanywhere.com/category/Autonomy/
2025-02-07 21:05:41,661 - INFO - Successfully processed https://blogforge.pythonanywhere.com/category/Autonomy/
2025-02-07 21:05:41,979 - INFO - Processing URL: https://blogforge.pythonanywhere.com/category/Kalam/
2025-02-07 21:05:41,980 - INFO - Successfully processed https://blogforge.pythonanywhere.com/category/Kalam/
